SF:lib/data/model/user/user.dart
DA:15,0
LF:1
LH:0
end_of_record
SF:lib/data/model/user/user.g.dart
DA:9,0
DA:10,0
DA:11,0
DA:12,0
DA:15,0
DA:16,0
DA:17,0
DA:18,0
DA:19,0
LF:9
LH:0
end_of_record
SF:lib/data/remote/user/user_data_source_impl.dart
DA:11,0
DA:13,0
DA:17,0
DA:19,0
DA:21,0
LF:5
LH:0
end_of_record
SF:lib/data/remote/user/user_data_source_impl.g.dart
DA:9,0
DA:13,3
LF:2
LH:1
end_of_record
SF:lib/data/repository/user/user_repository_impl.dart
DA:13,0
DA:15,0
DA:16,0
DA:21,1
DA:25,1
DA:27,1
DA:28,3
LF:7
LH:4
end_of_record
SF:lib/data/repository/user/user_repository_impl.g.dart
DA:9,0
DA:13,3
DA:19,2
DA:21,1
DA:22,2
LF:5
LH:4
end_of_record
SF:lib/data/result.dart
DA:11,3
DA:17,0
DA:19,0
DA:20,0
DA:21,0
DA:25,1
DA:27,2
DA:28,0
DA:29,0
DA:33,0
DA:35,0
LF:11
LH:3
end_of_record
SF:lib/data/api_error.dart
DA:5,2
DA:10,0
LF:2
LH:1
end_of_record
SF:lib/data/model/auth/auth.dart
DA:15,0
LF:1
LH:0
end_of_record
SF:lib/data/model/auth/auth.g.dart
DA:9,0
DA:10,0
DA:11,0
DA:12,0
DA:15,0
DA:16,0
DA:17,0
DA:18,0
DA:19,0
LF:9
LH:0
end_of_record
SF:lib/data/remote/auth/auth_data_source_impl.dart
DA:11,0
DA:13,0
DA:17,0
DA:22,0
DA:24,0
DA:30,0
DA:35,0
DA:37,0
DA:42,0
DA:44,0
DA:47,0
DA:49,0
DA:51,0
LF:13
LH:0
end_of_record
SF:lib/data/remote/auth/auth_data_source_impl.g.dart
DA:9,0
DA:13,3
LF:2
LH:1
end_of_record
SF:lib/foundation/delay.dart
DA:1,0
DA:2,0
DA:3,0
LF:3
LH:0
end_of_record
SF:lib/data/repository/auth/auth_repository_impl.dart
DA:14,0
DA:16,0
DA:17,0
DA:22,0
DA:26,0
DA:31,0
DA:32,0
DA:37,0
DA:42,0
DA:43,0
DA:51,0
DA:53,0
DA:54,0
DA:58,0
DA:62,0
DA:63,0
LF:16
LH:0
end_of_record
SF:lib/data/repository/auth/auth_repository_impl.g.dart
DA:9,0
DA:13,3
DA:19,2
DA:21,1
DA:22,2
LF:5
LH:4
end_of_record
SF:lib/ui/my_page/my_page_screen_view_model.dart
DA:13,1
DA:23,1
DA:24,4
DA:26,4
DA:28,1
DA:29,1
DA:30,4
DA:32,0
DA:33,0
DA:38,1
DA:39,4
DA:40,4
DA:41,4
LF:13
LH:11
end_of_record
SF:lib/ui/my_page/my_page_screen_view_model.g.dart
DA:9,1
DA:14,0
DA:16,1
DA:18,2
DA:20,4
DA:21,2
DA:24,1
DA:26,4
DA:28,2
DA:29,4
DA:50,2
DA:53,1
DA:57,1
DA:62,0
DA:66,0
DA:67,0
DA:71,3
DA:72,1
DA:73,1
DA:76,0
DA:77,0
DA:79,2
DA:81,1
DA:82,2
DA:83,1
DA:84,2
DA:87,0
DA:89,0
DA:91,0
DA:99,1
DA:102,1
DA:103,3
DA:110,1
DA:112,1
DA:116,1
DA:124,1
DA:128,1
DA:132,1
DA:133,1
DA:137,0
DA:139,0
DA:141,0
DA:142,0
DA:143,0
DA:148,0
DA:153,1
DA:156,1
DA:159,1
DA:161,1
DA:162,3
DA:165,1
DA:167,3
DA:168,3
DA:170,1
DA:183,1
DA:185,0
DA:187,0
LF:57
LH:40
end_of_record
